数据库和表已创建！
数据库文件: mydb.db
表名称: py
列数: 12
data.csv: 7
数据库和表已创建！
数据库文件: mydb.db
表名称: pd
列数: 12
data.csv: 1488
codes: 833943 10000
数据库和表已创建！
数据库文件: mydb.db
表名称: py
列数: 12
data.csv: 11
数据库和表已创建！
数据库文件: mydb.db
表名称: pd
列数: 12
data.csv: 1488
codes: 603022 10000
数据库和表已创建！
数据库文件: mydb.db
表名称: py
列数: 12
data.csv: 6
数据库和表已创建！
数据库文件: mydb.db
表名称: pd
列数: 12
data.csv: 0
codes: 603948 10000
数据库和表已创建！
数据库文件: mydb.db
表名称: py
列数: 12
data.csv: 18
数据库和表已创建！
数据库文件: mydb.db
表名称: pd
列数: 12
data.csv: 1488
codes: 002207 10000
数据库和表已创建！
数据库文件: mydb.db
表名称: py
列数: 12
data.csv: 24
数据库和表已创建！
数据库文件: mydb.db
表名称: pd
列数: 12
data.csv: 1488
codes: 600415 10000
数据库和表已创建！
数据库文件: mydb.db
表名称: py
列数: 12
data.csv: 7
数据库和表已创建！
数据库文件: mydb.db
表名称: pd
列数: 12
data.csv: 1488
codes: 688010 10000
数据库和表已创建！
数据库文件: mydb.db
表名称: py
列数: 12
data.csv: 11
数据库和表已创建！
数据库文件: mydb.db
表名称: pd
列数: 12
data.csv: 1488
codes: 002759 10000
数据库和表已创建！
数据库文件: mydb.db
表名称: py
列数: 12
data.csv: 11
数据库和表已创建！
数据库文件: mydb.db
表名称: pd
列数: 12
data.csv: 1488
codes: 300462 10000
数据库和表已创建！
数据库文件: mydb.db
表名称: py
列数: 12
data.csv: 7
数据库和表已创建！
数据库文件: mydb.db
表名称: pd
列数: 12
data.csv: 1095
codes: 835305 10000
数据库和表已创建！
数据库文件: mydb.db
表名称: py
列数: 12
data.csv: 16
